<?xml version="1.0" encoding="UTF-8"?>
<testsuite name="TestBox" tests="2" skipped="0" failures="0" errors="0" timestamp="2017-04-06T16:01:49" hostname="aaron-VirtualBox" time="0.008">
  <properties/>
  <testcase name="testUnsolvedInit" classname="TestBox" time="0.005"/>
  <testcase name="testSolvedInit" classname="TestBox" time="0.001"/>
  <system-out><![CDATA[]]></system-out>
  <system-err><![CDATA[]]></system-err>
</testsuite>
